#
# A fatal error has been detected by the Java Runtime Environment:
#
#  Internal Error (javaClasses.cpp:124), pid=18028, tid=19604
#  fatal error: Invalid layout of preloaded class
#
# JRE version:  (8.0_05-b13) (build )
# Java VM: Java HotSpot(TM) 64-Bit Server VM (25.5-b02 mixed mode windows-amd64 compressed oops)
# Failed to write core dump. Minidumps are not enabled by default on client versions of Windows
#
# If you would like to submit a bug report, please visit:
#   http://bugreport.sun.com/bugreport/crash.jsp
#

---------------  T H R E A D  ---------------

Current thread (0x000000000205e800):  JavaThread "Unknown thread" [_thread_in_vm, id=19604, stack(0x0000000002210000,0x0000000002310000)]

Stack: [0x0000000002210000,0x0000000002310000]
Native frames: (J=compiled Java code, j=interpreted, Vv=VM code, C=native code)
V  [jvm.dll+0x308dea]
V  [jvm.dll+0x25def1]
V  [jvm.dll+0x25eb0f]
V  [jvm.dll+0x256466]
V  [jvm.dll+0x5d33c]
V  [jvm.dll+0x5d433]
V  [jvm.dll+0x71d2a]
V  [jvm.dll+0x72088]
V  [jvm.dll+0xe1607]
V  [jvm.dll+0xe1996]
V  [jvm.dll+0x1f13e7]
V  [jvm.dll+0x2227c4]
V  [jvm.dll+0x149f71]
C  [javaw.exe+0x208a]
C  [javaw.exe+0xc9db]
C  [javaw.exe+0xca6f]
C  [kernel32.dll+0x1652d]
C  [ntdll.dll+0x2c521]


---------------  P R O C E S S  ---------------

Java Threads: ( => current thread )

Other Threads:

=>0x000000000205e800 (exited) JavaThread "Unknown thread" [_thread_in_vm, id=19604, stack(0x0000000002210000,0x0000000002310000)]

VM state:not at safepoint (not fully initialized)

VM Mutex/Monitor currently owned by a thread: None

GC Heap History (0 events):
No events

Deoptimization events (0 events):
No events

Internal exceptions (0 events):
No events

Events (10 events):
Event: 1.002 loading class java/lang/CharSequence done
Event: 1.003 loading class java/lang/String done
Event: 1.003 loading class java/lang/Class
Event: 1.003 loading class java/lang/reflect/AnnotatedElement
Event: 1.014 loading class java/lang/reflect/AnnotatedElement done
Event: 1.014 loading class java/lang/reflect/GenericDeclaration
Event: 1.015 loading class java/lang/reflect/GenericDeclaration done
Event: 1.015 loading class java/lang/reflect/Type
Event: 1.024 loading class java/lang/reflect/Type done
Event: 1.024 loading class java/lang/Class done


Dynamic libraries:
0x000000013f3a0000 - 0x000000013f3d4000 	C:\Program Files\Java\jre8\bin\javaw.exe
0x0000000077ba0000 - 0x0000000077d49000 	C:\windows\SYSTEM32\ntdll.dll
0x0000000077820000 - 0x000000007793f000 	C:\windows\system32\kernel32.dll
0x000007fefe1b0000 - 0x000007fefe21b000 	C:\windows\system32\KERNELBASE.dll
0x000007feffbc0000 - 0x000007feffc9b000 	C:\windows\system32\ADVAPI32.dll
0x000007fefe820000 - 0x000007fefe8bf000 	C:\windows\system32\msvcrt.dll
0x000007fefecc0000 - 0x000007fefecdf000 	C:\windows\SYSTEM32\sechost.dll
0x000007fefe9b0000 - 0x000007fefeadd000 	C:\windows\system32\RPCRT4.dll
0x0000000077aa0000 - 0x0000000077b9a000 	C:\windows\system32\USER32.dll
0x000007fefe940000 - 0x000007fefe9a7000 	C:\windows\system32\GDI32.dll
0x000007fefe8c0000 - 0x000007fefe8ce000 	C:\windows\system32\LPK.dll
0x000007fefece0000 - 0x000007fefeda9000 	C:\windows\system32\USP10.dll
0x000007fefc700000 - 0x000007fefc8f4000 	C:\windows\WinSxS\amd64_microsoft.windows.common-controls_6595b64144ccf1df_6.0.7601.17514_none_fa396087175ac9ac\COMCTL32.dll
0x000007fefe7a0000 - 0x000007fefe811000 	C:\windows\system32\SHLWAPI.dll
0x000007fefe760000 - 0x000007fefe78e000 	C:\windows\system32\IMM32.DLL
0x000007feffd40000 - 0x000007feffe49000 	C:\windows\system32\MSCTF.dll
0x000000006bd80000 - 0x000000006be52000 	C:\Program Files\Java\jre8\bin\msvcr100.dll
0x000000005b8b0000 - 0x000000005c0da000 	C:\Program Files\Java\jre8\bin\server\jvm.dll
0x000007fef9480000 - 0x000007fef9489000 	C:\windows\system32\WSOCK32.dll
0x000007fefe8d0000 - 0x000007fefe91d000 	C:\windows\system32\WS2_32.dll
0x000007fefe790000 - 0x000007fefe798000 	C:\windows\system32\NSI.dll
0x000007fefca10000 - 0x000007fefca4b000 	C:\windows\system32\WINMM.dll
0x0000000077d70000 - 0x0000000077d77000 	C:\windows\system32\PSAPI.DLL
0x0000000073cd0000 - 0x0000000073cdf000 	C:\Program Files\Java\jre8\bin\verify.dll
0x0000000071450000 - 0x0000000071478000 	C:\Program Files\Java\jre8\bin\java.dll
0x00000000716c0000 - 0x00000000716d6000 	C:\Program Files\Java\jre8\bin\zip.dll
0x000007fef28e0000 - 0x000007fef2a05000 	C:\windows\system32\dbghelp.dll

VM Arguments:
jvm_args: -Dfile.encoding=Cp1252 -Xbootclasspath:C:\Program Files (x86)\adt-bundle-windows-x86_64-20140321\adt-bundle-windows-x86_64-20140321\sdk\platforms\android-19\android.jar 
java_command: com.example.btp.digSign
java_class_path (initial): C:\Users\Chitranjali\android_workspace\BTP\bin\classes;C:\Users\Chitranjali\android_workspace\appcompat_v7_13\libs\android-support-v4.jar;C:\Users\Chitranjali\android_workspace\BTP\libs\roboguice-2.0.jar;C:\Users\Chitranjali\android_workspace\appcompat_v7_13\libs\android-support-v7-appcompat.jar;C:\Users\Chitranjali\android_workspace\BTP\libs\guice-2.0-no_aop.jar;C:\Users\Chitranjali\android_workspace\appcompat_v7_13\bin\appcompat_v7_13.jar
Launcher Type: SUN_STANDARD

Environment Variables:
PATH=C:\Program Files\Common Files\Microsoft Shared\Windows Live;C:\Program Files (x86)\Common Files\Microsoft Shared\Windows Live;C:\windows\system32;C:\windows;C:\windows\System32\Wbem;C:\windows\System32\WindowsPowerShell\v1.0\;c:\Program Files (x86)\Common Files\Roxio Shared\DLLShared\;c:\Program Files (x86)\Common Files\Roxio Shared\OEM\DLLShared\;c:\Program Files (x86)\Common Files\Roxio Shared\OEM\DLLShared\;c:\Program Files (x86)\Common Files\Roxio Shared\OEM\12.0\DLLShared\;c:\Program Files (x86)\Roxio\OEM\AudioCore\;C:\Program Files\WIDCOMM\Bluetooth Software\;C:\Program Files\WIDCOMM\Bluetooth Software\syswow64;C:\Program Files (x86)\Windows Live\Shared;C:\Program Files (x86)\Java\jdk1.6.0\bin;c:\Program Files (x86)\Microsoft SQL Server\90\Tools\binn\;C:\Program Files\MySQL\MySQL Server 5.5\bin;C:\Python27;C:\Program Files (x86)\MATLAB\R2009b\runtime\win32;C:\Program Files (x86)\MATLAB\R2009b\bin;C:\Program Files (x86)\adt-bundle-windows-x86_64-20140321\adt-bundle-windows-x86_64-20140321\sdk\platform-tools;C:\Program Files (x86)\Java\jdk1.6.0\bin;C:\Program Files (x86)\adt-bundle-windows-x86_64-20140321\adt-bundle-windows-x86_64-20140321\sdk\platform-tools\adb;
USERNAME=Chitranjali
OS=Windows_NT
PROCESSOR_IDENTIFIER=Intel64 Family 6 Model 42 Stepping 7, GenuineIntel



---------------  S Y S T E M  ---------------

OS: Windows 7 , 64 bit Build 7601 Service Pack 1

CPU:total 4 (2 cores per cpu, 2 threads per core) family 6 model 42 stepping 7, cmov, cx8, fxsr, mmx, sse, sse2, sse3, ssse3, sse4.1, sse4.2, popcnt, avx, clmul, ht, tsc, tscinvbit

Memory: 4k page, physical 4100376k(1840420k free), swap 8198896k(3992796k free)

vm_info: Java HotSpot(TM) 64-Bit Server VM (25.5-b02) for windows-amd64 JRE (1.8.0_05-b13), built on Mar 18 2014 01:08:39 by "java_re" with MS VC++ 10.0 (VS2010)

time: Sat Jun 28 17:57:16 2014
elapsed time: 1 seconds

